<?xml version="1.0" encoding="UTF-8"?>
<testng-results skipped="0" failed="0" ignored="0" total="1" passed="1">
  <reporter-output>
  </reporter-output>
  <suite name="com.aditya.CalculatorTest" duration-ms="16" started-at="2021-12-12T18:40:02 IST" finished-at="2021-12-12T18:40:02 IST">
    <groups>
    </groups>
    <test name="Command line test" duration-ms="16" started-at="2021-12-12T18:40:02 IST" finished-at="2021-12-12T18:40:02 IST">
      <class name="com.aditya.CalculatorTest">
        <test-method status="PASS" signature="testAdd()[pri:0, instance:com.aditya.CalculatorTest@1794d431]" name="testAdd" duration-ms="0" started-at="2021-12-12T18:40:02 IST" finished-at="2021-12-12T18:40:02 IST">
          <reporter-output>
          </reporter-output>
        </test-method> <!-- testAdd -->
        <test-method status="PASS" signature="setUp()[pri:0, instance:com.aditya.CalculatorTest@1794d431]" name="setUp" is-config="true" duration-ms="0" started-at="2021-12-12T18:40:02 IST" finished-at="2021-12-12T18:40:02 IST">
          <reporter-output>
          </reporter-output>
        </test-method> <!-- setUp -->
      </class> <!-- com.aditya.CalculatorTest -->
    </test> <!-- Command line test -->
  </suite> <!-- com.aditya.CalculatorTest -->
</testng-results>
